TN:
SF:D:\wutong\koa\self-demo-2\vue-demo\app.js
FN:48,(anonymous_2)
FN:78,(anonymous_3)
FNF:2
FNH:1
FNDA:0,(anonymous_2)
FNDA:2,(anonymous_3)
DA:2,2
DA:3,2
DA:4,2
DA:5,2
DA:6,2
DA:7,2
DA:8,2
DA:9,2
DA:11,2
DA:12,2
DA:14,2
DA:16,2
DA:17,2
DA:25,10
DA:26,10
DA:27,10
DA:28,10
DA:33,10
DA:36,0
DA:49,0
DA:75,2
DA:76,2
DA:78,2
DA:79,2
LF:24
LH:22
BRF:0
BRH:0
end_of_record
TN:
SF:D:\wutong\koa\self-demo-2\vue-demo\server\config\db.js
FNF:0
FNH:0
DA:2,2
DA:3,2
DA:15,2
LF:3
LH:3
BRF:0
BRH:0
end_of_record
TN:
SF:D:\wutong\koa\self-demo-2\vue-demo\server\controllers\todolist.js
FNF:0
FNH:0
DA:3,1
DA:4,1
DA:6,1
DA:12,1
DA:13,1
DA:14,1
DA:15,1
DA:23,1
DA:24,1
DA:25,1
DA:33,1
DA:34,1
DA:35,1
DA:36,1
DA:37,1
DA:39,1
LF:16
LH:16
BRDA:37,0,0,1
BRDA:37,0,1,0
BRF:2
BRH:1
end_of_record
TN:
SF:D:\wutong\koa\self-demo-2\vue-demo\server\controllers\user.js
FN:7,(anonymous_0)
FNF:1
FNH:1
FNDA:2,(anonymous_0)
DA:3,2
DA:4,2
DA:5,2
DA:7,2
DA:8,2
DA:9,2
DA:11,2
DA:14,4
DA:17,4
DA:20,4
DA:21,2
DA:27,0
DA:32,0
DA:44,2
LF:14
LH:12
BRDA:20,0,0,2
BRDA:20,0,1,2
BRDA:21,1,0,2
BRDA:21,1,1,0
BRF:4
BRH:3
end_of_record
TN:
SF:D:\wutong\koa\self-demo-2\vue-demo\server\models\todolist.js
FNF:0
FNH:0
DA:2,2
DA:4,2
DA:6,2
DA:9,1
DA:15,1
DA:24,1
DA:35,1
DA:51,1
LF:8
LH:8
BRF:0
BRH:0
end_of_record
TN:
SF:D:\wutong\koa\self-demo-2\vue-demo\server\models\user.js
FNF:0
FNH:0
DA:3,2
DA:4,2
DA:6,2
DA:8,2
DA:17,2
DA:27,4
LF:6
LH:6
BRF:0
BRH:0
end_of_record
TN:
SF:D:\wutong\koa\self-demo-2\vue-demo\server\routes\api.js
FNF:0
FNH:0
DA:2,2
DA:4,2
DA:8,2
DA:9,2
DA:10,2
LF:5
LH:5
BRF:0
BRH:0
end_of_record
TN:
SF:D:\wutong\koa\self-demo-2\vue-demo\server\routes\auth.js
FNF:0
FNH:0
DA:4,2
DA:5,2
DA:6,2
LF:3
LH:3
BRF:0
BRH:0
end_of_record
TN:
SF:D:\wutong\koa\self-demo-2\vue-demo\server\schema\list.js
FN:3,(anonymous_0)
FNF:1
FNH:1
FNDA:2,(anonymous_0)
DA:3,2
LF:1
LH:1
BRF:0
BRH:0
end_of_record
TN:
SF:D:\wutong\koa\self-demo-2\vue-demo\server\schema\user.js
FN:3,(anonymous_0)
FNF:1
FNH:1
FNDA:2,(anonymous_0)
DA:3,2
LF:1
LH:1
BRF:0
BRH:0
end_of_record
TN:
SF:D:\wutong\koa\self-demo-2\vue-demo\server\util\auth.js
FNF:0
FNH:0
LF:0
LH:0
BRF:0
BRH:0
end_of_record
